<?xml version="1.0" encoding="UTF-8"?>
<testng-results ignored="0" total="4" passed="4" failed="0" skipped="0">
  <reporter-output>
  </reporter-output>
  <suite started-at="2021-06-07T00:49:54 BDT" name="Default suite" finished-at="2021-06-07T00:51:35 BDT" duration-ms="101041">
    <groups>
      <group name="cucumber">
        <method signature="AbstractTestNGCucumberTests.runScenario(io.cucumber.testng.PickleWrapper, io.cucumber.testng.FeatureWrapper)[pri:0, instance:com.ffm.runner.TestRunner@3d680b5a]" name="runScenario" class="io.cucumber.testng.AbstractTestNGCucumberTests"/>
      </group> <!-- cucumber -->
    </groups>
    <test started-at="2021-06-07T00:49:54 BDT" name="Default test" finished-at="2021-06-07T00:51:35 BDT" duration-ms="101041">
      <class name="com.ffm.runner.TestRunner">
        <test-method is-config="true" signature="setUpClass()[pri:0, instance:com.ffm.runner.TestRunner@3d680b5a]" started-at="2021-06-07T00:49:54 BDT" name="setUpClass" finished-at="2021-06-07T00:49:55 BDT" duration-ms="714" status="PASS">
          <reporter-output>
          </reporter-output>
        </test-method> <!-- setUpClass -->
        <test-method signature="runScenario(io.cucumber.testng.PickleWrapper, io.cucumber.testng.FeatureWrapper)[pri:0, instance:com.ffm.runner.TestRunner@3d680b5a]" started-at="2021-06-07T00:49:55 BDT" name="runScenario" description="Runs Cucumber Scenarios" data-provider="scenarios" finished-at="2021-06-07T00:50:15 BDT" duration-ms="19779" status="PASS">
          <params>
            <param index="0">
              <value>
                <![CDATA["As an FFM OT member, I want to login to FFM platform"]]>
              </value>
            </param>
            <param index="1">
              <value>
                <![CDATA["Optional[FFM OT Member Login Panel]"]]>
              </value>
            </param>
          </params>
          <reporter-output>
          </reporter-output>
        </test-method> <!-- runScenario -->
        <test-method signature="runScenario(io.cucumber.testng.PickleWrapper, io.cucumber.testng.FeatureWrapper)[pri:0, instance:com.ffm.runner.TestRunner@3d680b5a]" started-at="2021-06-07T00:50:15 BDT" name="runScenario" description="Runs Cucumber Scenarios" data-provider="scenarios" finished-at="2021-06-07T00:50:39 BDT" duration-ms="23859" status="PASS">
          <params>
            <param index="0">
              <value>
                <![CDATA["As an FFM OT member, I want to login to FFM platform"]]>
              </value>
            </param>
            <param index="1">
              <value>
                <![CDATA["Optional[FFM OT Member Login Panel]"]]>
              </value>
            </param>
          </params>
          <reporter-output>
          </reporter-output>
        </test-method> <!-- runScenario -->
        <test-method signature="runScenario(io.cucumber.testng.PickleWrapper, io.cucumber.testng.FeatureWrapper)[pri:0, instance:com.ffm.runner.TestRunner@3d680b5a]" started-at="2021-06-07T00:50:39 BDT" name="runScenario" description="Runs Cucumber Scenarios" data-provider="scenarios" finished-at="2021-06-07T00:51:00 BDT" duration-ms="20884" status="PASS">
          <params>
            <param index="0">
              <value>
                <![CDATA["As an FFM OT member, I want to login to FFM platform"]]>
              </value>
            </param>
            <param index="1">
              <value>
                <![CDATA["Optional[FFM OT Member Login Panel]"]]>
              </value>
            </param>
          </params>
          <reporter-output>
          </reporter-output>
        </test-method> <!-- runScenario -->
        <test-method signature="runScenario(io.cucumber.testng.PickleWrapper, io.cucumber.testng.FeatureWrapper)[pri:0, instance:com.ffm.runner.TestRunner@3d680b5a]" started-at="2021-06-07T00:51:00 BDT" name="runScenario" description="Runs Cucumber Scenarios" data-provider="scenarios" finished-at="2021-06-07T00:51:31 BDT" duration-ms="30964" status="PASS">
          <params>
            <param index="0">
              <value>
                <![CDATA["As an FFM OT member, I want to login to FFM platform"]]>
              </value>
            </param>
            <param index="1">
              <value>
                <![CDATA["Optional[FFM OT Member Login Panel]"]]>
              </value>
            </param>
          </params>
          <reporter-output>
          </reporter-output>
        </test-method> <!-- runScenario -->
        <test-method is-config="true" signature="tearDownClass()[pri:0, instance:com.ffm.runner.TestRunner@3d680b5a]" started-at="2021-06-07T00:51:31 BDT" name="tearDownClass" finished-at="2021-06-07T00:51:35 BDT" duration-ms="4813" status="PASS">
          <reporter-output>
          </reporter-output>
        </test-method> <!-- tearDownClass -->
      </class> <!-- com.ffm.runner.TestRunner -->
    </test> <!-- Default test -->
  </suite> <!-- Default suite -->
</testng-results>
